<?xml version="1.0" encoding="UTF-8"?>
<!-- Generated by org.testng.reporters.JUnitReportReporter -->
<testsuite hostname="LAPTOP-HN7S0RTT" failures="0" tests="1" name="com.learnautomation.testcases.VerifyPasswordErrorMessage" time="9.340" errors="0" timestamp="2022-01-14T00:31:54 IST" skipped="0">
  <testcase classname="com.learnautomation.testcases.VerifyPasswordErrorMessage" name="verifyPasswordErrorMessage" time="9.340"/>
  <system-out/>
</testsuite> <!-- com.learnautomation.testcases.VerifyPasswordErrorMessage -->
